c:\users\ahmed\desktop\myfunct\myfunct\debug\vc142.pdb
c:\users\ahmed\desktop\myfunct\myfunct\debug\vc142.idb
c:\users\ahmed\desktop\myfunct\myfunct\debug\source.obj
c:\users\ahmed\desktop\myfunct\myfunct\debug\arrlist.obj
c:\users\ahmed\onedrive\desktop\msa2o 3asal\myfunct\debug\vc142.pdb
c:\users\ahmed\onedrive\desktop\msa2o 3asal\myfunct\debug\vc142.idb
c:\users\ahmed\onedrive\desktop\msa2o 3asal\myfunct\debug\source.obj
c:\users\ahmed\onedrive\desktop\msa2o 3asal\myfunct\debug\arrlist.obj
c:\users\ahmed\desktop\myfunct\debug\myfunct.exe
c:\users\ahmed\desktop\myfunct\debug\myfunct.ilk
c:\users\ahmed\desktop\myfunct\debug\myfunct.pdb
c:\users\ahmed\onedrive\desktop\msa2o 3asal\debug\myfunct.ilk
c:\users\ahmed\onedrive\desktop\msa2o 3asal\debug\myfunct.exe
c:\users\ahmed\onedrive\desktop\msa2o 3asal\debug\myfunct.pdb
c:\users\ahmed\onedrive\desktop\msa2o 3asal\myfunct\debug\arraylist.obj
c:\users\ahmed\onedrive\desktop\msa2o 3asal\myfunct\debug\source1.obj
c:\users\ahmed\onedrive\desktop\msa2o 3asal\myfunct\debug\arrlist.obj.enc
c:\users\ahmed\onedrive\desktop\msa2o 3asal\myfunct\debug\source.obj.enc
c:\users\ahmed\onedrive\desktop\msa2o 3asal\myfunct\debug\myfunct.tlog\cl.command.1.tlog
c:\users\ahmed\onedrive\desktop\msa2o 3asal\myfunct\debug\myfunct.tlog\cl.read.1.tlog
c:\users\ahmed\onedrive\desktop\msa2o 3asal\myfunct\debug\myfunct.tlog\cl.write.1.tlog
c:\users\ahmed\onedrive\desktop\msa2o 3asal\myfunct\debug\myfunct.tlog\link.command.1.tlog
c:\users\ahmed\onedrive\desktop\msa2o 3asal\myfunct\debug\myfunct.tlog\link.read.1.tlog
c:\users\ahmed\onedrive\desktop\msa2o 3asal\myfunct\debug\myfunct.tlog\link.write.1.tlog
